<?xml version="1.0" encoding="UTF-8" standalone="yes"?><!DOCTYPE report PUBLIC "-//JACOCO//DTD Report 1.0//EN" "report.dtd"><report name="CAPXR001IMPL"><sessioninfo id="MacBook-Air-de-Miguel.local-e48d240d" start="1568928054153" dump="1568928058926"/><sessioninfo id="MacBook-Air-de-Miguel.local-b12453b2" start="1568953359632" dump="1568953363190"/><sessioninfo id="MacBook-Air-de-Miguel.local-35ce899f" start="1568957038860" dump="1568957041439"/><sessioninfo id="MacBook-Air-de-Miguel.local-b027d274" start="1568957859273" dump="1568957862199"/><sessioninfo id="MacBook-Air-de-Miguel.local-f8bf24f8" start="1568958661667" dump="1568958670860"/><sessioninfo id="MacBook-Air-de-Miguel.local-4aa0cf2b" start="1568959099040" dump="1568959110457"/><sessioninfo id="MacBook-Air-de-Miguel.local-8be31115" start="1568959708540" dump="1568959719956"/><sessioninfo id="MacBook-Air-de-Miguel.local-7e0d3a35" start="1568960096487" dump="1568960107681"/><sessioninfo id="MacBook-Air-de-Miguel.local-7864c34f" start="1568962217054" dump="1568962235718"/><sessioninfo id="MacBook-Air-de-Miguel.local-f648e17c" start="1568962905696" dump="1568962918781"/><sessioninfo id="MacBook-Air-de-Miguel.local-2681513c" start="1568963037636" dump="1568963052988"/><sessioninfo id="MacBook-Air-de-Miguel.local-c818348f" start="1568963144779" dump="1568963165281"/><sessioninfo id="MacBook-Air-de-Miguel.local-5948ff31" start="1568964148116" dump="1568964159307"/><sessioninfo id="MacBook-Air-de-Miguel.local-c338815c" start="1568964394560" dump="1568964405359"/><sessioninfo id="MacBook-Air-de-Miguel.local-e9daab2f" start="1568964619131" dump="1568964629892"/><sessioninfo id="MacBook-Air-de-Miguel.local-4eee4261" start="1568964760682" dump="1568964770988"/><sessioninfo id="MacBook-Air-de-Miguel.local-4a63b05c" start="1568965397366" dump="1568965408354"/><sessioninfo id="MacBook-Air-de-Miguel.local-8da9139b" start="1568966691965" dump="1568966703788"/><sessioninfo id="MacBook-Air-de-Miguel.local-bce53348" start="1568966846721" dump="1568966858365"/><sessioninfo id="MacBook-Air-de-Miguel.local-e5a7b3d" start="1568966970572" dump="1568966981275"/><sessioninfo id="MacBook-Air-de-Miguel.local-e83b79e1" start="1568968946306" dump="1568968949784"/><sessioninfo id="MacBook-Air-de-Miguel.local-e821c1" start="1568969168099" dump="1568969172107"/><sessioninfo id="MacBook-Air-de-Miguel.local-e0c57fec" start="1568971291978" dump="1568971301946"/><sessioninfo id="MacBook-Air-de-Miguel.local-e7b08f35" start="1568971379534" dump="1568971387084"/><sessioninfo id="MacBook-Air-de-Miguel.local-aa2bff2" start="1568987953940" dump="1568987960957"/><sessioninfo id="MacBook-Air-de-Miguel.local-4b8facd5" start="1568988475503" dump="1568988482962"/><sessioninfo id="MacBook-Air-de-Miguel.local-44d2a181" start="1568988568001" dump="1568988574798"/><sessioninfo id="MacBook-Air-de-Miguel.local-be219b04" start="1568990071497" dump="1568990077910"/><sessioninfo id="MacBook-Air-de-Miguel.local-c93487fb" start="1568990172853" dump="1568990178551"/><sessioninfo id="MacBook-Air-de-Miguel.local-e93b6bd8" start="1568991532004" dump="1568991538426"/><package name="com/bbva/capx/lib/r001/impl"><class name="com/bbva/capx/lib/r001/impl/CAPXR001Abstract"><method name="&lt;clinit&gt;" desc="()V" line="17"><counter type="INSTRUCTION" missed="0" covered="4"/><counter type="LINE" missed="0" covered="1"/><counter type="COMPLEXITY" missed="0" covered="1"/><counter type="METHOD" missed="0" covered="1"/></method><method name="&lt;init&gt;" desc="()V" line="15"><counter type="INSTRUCTION" missed="0" covered="3"/><counter type="LINE" missed="0" covered="1"/><counter type="COMPLEXITY" missed="0" covered="1"/><counter type="METHOD" missed="0" covered="1"/></method><method name="setApplicationConfigurationService" desc="(Lcom/bbva/elara/configuration/manager/application/ApplicationConfigurationService;)V" line="32"><counter type="INSTRUCTION" missed="0" covered="4"/><counter type="LINE" missed="0" covered="2"/><counter type="COMPLEXITY" missed="0" covered="1"/><counter type="METHOD" missed="0" covered="1"/></method><method name="setInternalApiConnector" desc="(Lcom/bbva/elara/utility/api/connector/APIConnector;)V" line="40"><counter type="INSTRUCTION" missed="0" covered="4"/><counter type="LINE" missed="0" covered="2"/><counter type="COMPLEXITY" missed="0" covered="1"/><counter type="METHOD" missed="0" covered="1"/></method><method name="setApiConnectorBuilder" desc="(Lcom/bbva/elara/utility/api/connector/APIConnectorBuilder;)V" line="48"><counter type="INSTRUCTION" missed="0" covered="4"/><counter type="LINE" missed="0" covered="2"/><counter type="COMPLEXITY" missed="0" covered="1"/><counter type="METHOD" missed="0" covered="1"/></method><method name="setApiConnector" desc="(Lcom/bbva/elara/utility/api/connector/APIConnector;)V" line="55"><counter type="INSTRUCTION" missed="4" covered="0"/><counter type="LINE" missed="2" covered="0"/><counter type="COMPLEXITY" missed="1" covered="0"/><counter type="METHOD" missed="1" covered="0"/></method><method name="setExternalApiConnector" desc="(Lcom/bbva/elara/utility/api/connector/APIConnector;)V" line="59"><counter type="INSTRUCTION" missed="0" covered="4"/><counter type="LINE" missed="0" covered="2"/><counter type="COMPLEXITY" missed="0" covered="1"/><counter type="METHOD" missed="0" covered="1"/></method><counter type="INSTRUCTION" missed="4" covered="23"/><counter type="LINE" missed="2" covered="10"/><counter type="COMPLEXITY" missed="1" covered="6"/><counter type="METHOD" missed="1" covered="6"/><counter type="CLASS" missed="0" covered="1"/></class><class name="com/bbva/capx/lib/r001/impl/CAPXR001Impl"><method name="&lt;clinit&gt;" desc="()V" line="36"><counter type="INSTRUCTION" missed="0" covered="4"/><counter type="LINE" missed="0" covered="1"/><counter type="COMPLEXITY" missed="0" covered="1"/><counter type="METHOD" missed="0" covered="1"/></method><method name="&lt;init&gt;" desc="()V" line="34"><counter type="INSTRUCTION" missed="0" covered="3"/><counter type="LINE" missed="0" covered="1"/><counter type="COMPLEXITY" missed="0" covered="1"/><counter type="METHOD" missed="0" covered="1"/></method><method name="execute" desc="(Ljava/lang/String;Ljava/lang/String;)Lcom/bbva/capx/dto/viajes/DtoOut;" line="40"><counter type="INSTRUCTION" missed="0" covered="38"/><counter type="LINE" missed="0" covered="6"/><counter type="COMPLEXITY" missed="0" covered="1"/><counter type="METHOD" missed="0" covered="1"/></method><method name="getRutasGoogle" desc="(Ljava/lang/String;Ljava/lang/String;)Ljava/util/List;" line="50"><counter type="INSTRUCTION" missed="50" covered="175"/><counter type="BRANCH" missed="9" covered="3"/><counter type="LINE" missed="8" covered="35"/><counter type="COMPLEXITY" missed="5" covered="2"/><counter type="METHOD" missed="0" covered="1"/></method><counter type="INSTRUCTION" missed="50" covered="220"/><counter type="BRANCH" missed="9" covered="3"/><counter type="LINE" missed="8" covered="43"/><counter type="COMPLEXITY" missed="5" covered="5"/><counter type="METHOD" missed="0" covered="4"/><counter type="CLASS" missed="0" covered="1"/></class><sourcefile name="CAPXR001Impl.java"><line nr="34" mi="0" ci="3" mb="0" cb="0"/><line nr="36" mi="0" ci="4" mb="0" cb="0"/><line nr="40" mi="0" ci="9" mb="0" cb="0"/><line nr="41" mi="0" ci="9" mb="0" cb="0"/><line nr="42" mi="0" ci="5" mb="0" cb="0"/><line nr="43" mi="0" ci="9" mb="0" cb="0"/><line nr="44" mi="0" ci="4" mb="0" cb="0"/><line nr="45" mi="0" ci="2" mb="0" cb="0"/><line nr="50" mi="0" ci="2" mb="0" cb="0"/><line nr="51" mi="0" ci="2" mb="0" cb="0"/><line nr="52" mi="0" ci="2" mb="0" cb="0"/><line nr="53" mi="0" ci="2" mb="0" cb="0"/><line nr="54" mi="0" ci="2" mb="0" cb="0"/><line nr="55" mi="0" ci="2" mb="0" cb="0"/><line nr="58" mi="0" ci="4" mb="0" cb="0"/><line nr="59" mi="0" ci="4" mb="0" cb="0"/><line nr="60" mi="0" ci="8" mb="0" cb="0"/><line nr="61" mi="0" ci="8" mb="0" cb="0"/><line nr="62" mi="0" ci="8" mb="0" cb="0"/><line nr="63" mi="0" ci="8" mb="0" cb="0"/><line nr="64" mi="0" ci="4" mb="0" cb="0"/><line nr="65" mi="0" ci="9" mb="0" cb="0"/><line nr="67" mi="0" ci="5" mb="0" cb="0"/><line nr="71" mi="0" ci="4" mb="0" cb="0"/><line nr="72" mi="0" ci="6" mb="0" cb="0"/><line nr="75" mi="0" ci="10" mb="0" cb="0"/><line nr="76" mi="0" ci="5" mb="0" cb="0"/><line nr="77" mi="0" ci="2" mb="0" cb="0"/><line nr="78" mi="0" ci="3" mb="0" cb="0"/><line nr="79" mi="0" ci="6" mb="0" cb="2"/><line nr="80" mi="0" ci="11" mb="0" cb="0"/><line nr="83" mi="0" ci="3" mb="0" cb="0"/><line nr="84" mi="0" ci="5" mb="0" cb="0"/><line nr="85" mi="0" ci="4" mb="0" cb="0"/><line nr="86" mi="0" ci="9" mb="0" cb="0"/><line nr="87" mi="0" ci="9" mb="0" cb="0"/><line nr="88" mi="0" ci="9" mb="0" cb="0"/><line nr="89" mi="0" ci="11" mb="0" cb="0"/><line nr="92" mi="1" ci="1" mb="0" cb="0"/><line nr="93" mi="2" ci="0" mb="0" cb="0"/><line nr="94" mi="1" ci="0" mb="0" cb="0"/><line nr="95" mi="2" ci="0" mb="0" cb="0"/><line nr="96" mi="1" ci="0" mb="0" cb="0"/><line nr="97" mi="2" ci="0" mb="0" cb="0"/><line nr="98" mi="1" ci="0" mb="0" cb="0"/><line nr="99" mi="8" ci="2" mb="9" cb="1"/><line nr="101" mi="8" ci="2" mb="0" cb="0"/><line nr="102" mi="9" ci="1" mb="0" cb="0"/><line nr="103" mi="13" ci="0" mb="0" cb="0"/><line nr="106" mi="2" ci="0" mb="0" cb="0"/><line nr="107" mi="0" ci="2" mb="0" cb="0"/><counter type="INSTRUCTION" missed="50" covered="220"/><counter type="BRANCH" missed="9" covered="3"/><counter type="LINE" missed="8" covered="43"/><counter type="COMPLEXITY" missed="5" covered="5"/><counter type="METHOD" missed="0" covered="4"/><counter type="CLASS" missed="0" covered="1"/></sourcefile><sourcefile name="CAPXR001Abstract.java"><line nr="15" mi="0" ci="3" mb="0" cb="0"/><line nr="17" mi="0" ci="4" mb="0" cb="0"/><line nr="32" mi="0" ci="3" mb="0" cb="0"/><line nr="33" mi="0" ci="1" mb="0" cb="0"/><line nr="40" mi="0" ci="3" mb="0" cb="0"/><line nr="41" mi="0" ci="1" mb="0" cb="0"/><line nr="48" mi="0" ci="3" mb="0" cb="0"/><line nr="49" mi="0" ci="1" mb="0" cb="0"/><line nr="55" mi="3" ci="0" mb="0" cb="0"/><line nr="56" mi="1" ci="0" mb="0" cb="0"/><line nr="59" mi="0" ci="3" mb="0" cb="0"/><line nr="60" mi="0" ci="1" mb="0" cb="0"/><counter type="INSTRUCTION" missed="4" covered="23"/><counter type="LINE" missed="2" covered="10"/><counter type="COMPLEXITY" missed="1" covered="6"/><counter type="METHOD" missed="1" covered="6"/><counter type="CLASS" missed="0" covered="1"/></sourcefile><counter type="INSTRUCTION" missed="54" covered="243"/><counter type="BRANCH" missed="9" covered="3"/><counter type="LINE" missed="10" covered="53"/><counter type="COMPLEXITY" missed="6" covered="11"/><counter type="METHOD" missed="1" covered="10"/><counter type="CLASS" missed="0" covered="2"/></package><counter type="INSTRUCTION" missed="54" covered="243"/><counter type="BRANCH" missed="9" covered="3"/><counter type="LINE" missed="10" covered="53"/><counter type="COMPLEXITY" missed="6" covered="11"/><counter type="METHOD" missed="1" covered="10"/><counter type="CLASS" missed="0" covered="2"/></report>